# JRE version: OpenJDK Runtime Environment (8.0_152-b01) (build 1.8.0_152-release-1343-b01)
# Java VM: OpenJDK 64-Bit Server VM (25.152-b01 mixed mode windows-amd64 compressed oops)
Heap:
 PSYoungGen      total 337920K, used 291866K [0x00000000e0000000, 0x00000000fb300000, 0x0000000100000000)
  eden space 299008K, 88% used [0x00000000e0000000,0x00000000f029eb50,0x00000000f2400000)
  from space 38912K, 69% used [0x00000000f2400000,0x00000000f3e67e10,0x00000000f4a00000)
  to   space 40448K, 0% used [0x00000000f8b80000,0x00000000f8b80000,0x00000000fb300000)
 ParOldGen       total 204288K, used 111048K [0x00000000a0000000, 0x00000000ac780000, 0x00000000e0000000)
  object space 204288K, 54% used [0x00000000a0000000,0x00000000a6c72138,0x00000000ac780000)
 Metaspace       used 68562K, capacity 70646K, committed 70872K, reserved 1112064K
  class space    used 8644K, capacity 9120K, committed 9216K, reserved 1048576K
GC Heap History (10 events):
Event: 21.830 GC heap before
{Heap before GC invocations=20 (full 2):
 PSYoungGen      total 222208K, used 147171K [0x00000000e0000000, 0x00000000f3d00000, 0x0000000100000000)
  eden space 182272K, 64% used [0x00000000e0000000,0x00000000e7381740,0x00000000eb200000)
  from space 39936K, 72% used [0x00000000eb200000,0x00000000ece376e0,0x00000000ed900000)
  to   space 42496K, 0% used [0x00000000f1380000,0x00000000f1380000,0x00000000f3d00000)
 ParOldGen       total 100352K, used 72984K [0x00000000a0000000, 0x00000000a6200000, 0x00000000e0000000)
  object space 100352K, 72% used [0x00000000a0000000,0x00000000a47463d0,0x00000000a6200000)
 Metaspace       used 57276K, capacity 59014K, committed 59096K, reserved 1099776K
  class space    used 7533K, capacity 7924K, committed 7936K, reserved 1048576K
Event: 21.849 GC heap after
Heap after GC invocations=20 (full 2):
 PSYoungGen      total 279040K, used 13605K [0x00000000e0000000, 0x00000000f3980000, 0x0000000100000000)
  eden space 240128K, 0% used [0x00000000e0000000,0x00000000e0000000,0x00000000eea80000)
  from space 38912K, 34% used [0x00000000f1380000,0x00000000f20c9700,0x00000000f3980000)
  to   space 40448K, 0% used [0x00000000eea80000,0x00000000eea80000,0x00000000f1200000)
 ParOldGen       total 100352K, used 88625K [0x00000000a0000000, 0x00000000a6200000, 0x00000000e0000000)
  object space 100352K, 88% used [0x00000000a0000000,0x00000000a568c470,0x00000000a6200000)
 Metaspace       used 57276K, capacity 59014K, committed 59096K, reserved 1099776K
  class space    used 7533K, capacity 7924K, committed 7936K, reserved 1048576K
}
Event: 21.849 GC heap before
{Heap before GC invocations=21 (full 3):
 PSYoungGen      total 279040K, used 13605K [0x00000000e0000000, 0x00000000f3980000, 0x0000000100000000)
  eden space 240128K, 0% used [0x00000000e0000000,0x00000000e0000000,0x00000000eea80000)
  from space 38912K, 34% used [0x00000000f1380000,0x00000000f20c9700,0x00000000f3980000)
  to   space 40448K, 0% used [0x00000000eea80000,0x00000000eea80000,0x00000000f1200000)
 ParOldGen       total 100352K, used 88625K [0x00000000a0000000, 0x00000000a6200000, 0x00000000e0000000)
  object space 100352K, 88% used [0x00000000a0000000,0x00000000a568c470,0x00000000a6200000)
 Metaspace       used 57276K, capacity 59014K, committed 59096K, reserved 1099776K
  class space    used 7533K, capacity 7924K, committed 7936K, reserved 1048576K
Event: 22.278 GC heap after
Heap after GC invocations=21 (full 3):
 PSYoungGen      total 279040K, used 0K [0x00000000e0000000, 0x00000000f3980000, 0x0000000100000000)
  eden space 240128K, 0% used [0x00000000e0000000,0x00000000e0000000,0x00000000eea80000)
  from space 38912K, 0% used [0x00000000f1380000,0x00000000f1380000,0x00000000f3980000)
  to   space 40448K, 0% used [0x00000000eea80000,0x00000000eea80000,0x00000000f1200000)
 ParOldGen       total 204288K, used 92527K [0x00000000a0000000, 0x00000000ac780000, 0x00000000e0000000)
  object space 204288K, 45% used [0x00000000a0000000,0x00000000a5a5bde8,0x00000000ac780000)
 Metaspace       used 57276K, capacity 59014K, committed 59096K, reserved 1099776K
  class space    used 7533K, capacity 7924K, committed 7936K, reserved 1048576K
}
Event: 22.802 GC heap before
{Heap before GC invocations=22 (full 3):
 PSYoungGen      total 279040K, used 240128K [0x00000000e0000000, 0x00000000f3980000, 0x0000000100000000)
  eden space 240128K, 100% used [0x00000000e0000000,0x00000000eea80000,0x00000000eea80000)
  from space 38912K, 0% used [0x00000000f1380000,0x00000000f1380000,0x00000000f3980000)
  to   space 40448K, 0% used [0x00000000eea80000,0x00000000eea80000,0x00000000f1200000)
 ParOldGen       total 204288K, used 92527K [0x00000000a0000000, 0x00000000ac780000, 0x00000000e0000000)
  object space 204288K, 45% used [0x00000000a0000000,0x00000000a5a5bde8,0x00000000ac780000)
 Metaspace       used 57338K, capacity 59014K, committed 59096K, reserved 1099776K
  class space    used 7534K, capacity 7924K, committed 7936K, reserved 1048576K
Event: 22.813 GC heap after
Heap after GC invocations=22 (full 3):
 PSYoungGen      total 280576K, used 7450K [0x00000000e0000000, 0x00000000f7780000, 0x0000000100000000)
  eden space 240128K, 0% used [0x00000000e0000000,0x00000000e0000000,0x00000000eea80000)
  from space 40448K, 18% used [0x00000000eea80000,0x00000000ef1c6850,0x00000000f1200000)
  to   space 39936K, 0% used [0x00000000f5080000,0x00000000f5080000,0x00000000f7780000)
 ParOldGen       total 204288K, used 92535K [0x00000000a0000000, 0x00000000ac780000, 0x00000000e0000000)
  object space 204288K, 45% used [0x00000000a0000000,0x00000000a5a5dde8,0x00000000ac780000)
 Metaspace       used 57338K, capacity 59014K, committed 59096K, reserved 1099776K
  class space    used 7534K, capacity 7924K, committed 7936K, reserved 1048576K
}
Event: 31.812 GC heap before
{Heap before GC invocations=23 (full 3):
 PSYoungGen      total 280576K, used 247578K [0x00000000e0000000, 0x00000000f7780000, 0x0000000100000000)
  eden space 240128K, 100% used [0x00000000e0000000,0x00000000eea80000,0x00000000eea80000)
  from space 40448K, 18% used [0x00000000eea80000,0x00000000ef1c6850,0x00000000f1200000)
  to   space 39936K, 0% used [0x00000000f5080000,0x00000000f5080000,0x00000000f7780000)
 ParOldGen       total 204288K, used 92535K [0x00000000a0000000, 0x00000000ac780000, 0x00000000e0000000)
  object space 204288K, 45% used [0x00000000a0000000,0x00000000a5a5dde8,0x00000000ac780000)
 Metaspace       used 57834K, capacity 59586K, committed 59992K, reserved 1101824K
  class space    used 7557K, capacity 7960K, committed 8064K, reserved 1048576K
Event: 31.829 GC heap after
Heap after GC invocations=23 (full 3):
 PSYoungGen      total 331264K, used 19681K [0x00000000e0000000, 0x00000000f7000000, 0x0000000100000000)
  eden space 299008K, 0% used [0x00000000e0000000,0x00000000e0000000,0x00000000f2400000)
  from space 32256K, 61% used [0x00000000f5080000,0x00000000f63b84b0,0x00000000f7000000)
  to   space 38912K, 0% used [0x00000000f2400000,0x00000000f2400000,0x00000000f4a00000)
 ParOldGen       total 204288K, used 92853K [0x00000000a0000000, 0x00000000ac780000, 0x00000000e0000000)
  object space 204288K, 45% used [0x00000000a0000000,0x00000000a5aad6f8,0x00000000ac780000)
 Metaspace       used 57834K, capacity 59586K, committed 59992K, reserved 1101824K
  class space    used 7557K, capacity 7960K, committed 8064K, reserved 1048576K
}
Event: 44.702 GC heap before
{Heap before GC invocations=24 (full 3):
 PSYoungGen      total 331264K, used 318689K [0x00000000e0000000, 0x00000000f7000000, 0x0000000100000000)
  eden space 299008K, 100% used [0x00000000e0000000,0x00000000f2400000,0x00000000f2400000)
  from space 32256K, 61% used [0x00000000f5080000,0x00000000f63b84b0,0x00000000f7000000)
  to   space 38912K, 0% used [0x00000000f2400000,0x00000000f2400000,0x00000000f4a00000)
 ParOldGen       total 204288K, used 92853K [0x00000000a0000000, 0x00000000ac780000, 0x00000000e0000000)
  object space 204288K, 45% used [0x00000000a0000000,0x00000000a5aad6f8,0x00000000ac780000)
 Metaspace       used 63134K, capacity 64914K, committed 64984K, reserved 1105920K
  class space    used 8194K, capacity 8644K, committed 8704K, reserved 1048576K
Event: 44.736 GC heap after
Heap after GC invocations=24 (full 3):
 PSYoungGen      total 337920K, used 27039K [0x00000000e0000000, 0x00000000fb300000, 0x0000000100000000)
  eden space 299008K, 0% used [0x00000000e0000000,0x00000000e0000000,0x00000000f2400000)
  from space 38912K, 69% used [0x00000000f2400000,0x00000000f3e67e10,0x00000000f4a00000)
  to   space 40448K, 0% used [0x00000000f8b80000,0x00000000f8b80000,0x00000000fb300000)
 ParOldGen       total 204288K, used 111048K [0x00000000a0000000, 0x00000000ac780000, 0x00000000e0000000)
  object space 204288K, 54% used [0x00000000a0000000,0x00000000a6c72138,0x00000000ac780000)
 Metaspace       used 63134K, capacity 64914K, committed 64984K, reserved 1105920K
  class space    used 8194K, capacity 8644K, committed 8704K, reserved 1048576K
}

