# JRE version: OpenJDK Runtime Environment (8.0_152-b01) (build 1.8.0_152-release-1343-b01)
# Java VM: OpenJDK 64-Bit Server VM (25.152-b01 mixed mode windows-amd64 compressed oops)
Heap:
 PSYoungGen      total 219136K, used 213026K [0x00000000e0000000, 0x00000000f1500000, 0x0000000100000000)
  eden space 208384K, 97% used [0x00000000e0000000,0x00000000ec5d11d8,0x00000000ecb80000)
  from space 10752K, 97% used [0x00000000f0a80000,0x00000000f14b7758,0x00000000f1500000)
  to   space 19968K, 0% used [0x00000000eee00000,0x00000000eee00000,0x00000000f0180000)
 ParOldGen       total 129024K, used 56427K [0x00000000a0000000, 0x00000000a7e00000, 0x00000000e0000000)
  object space 129024K, 43% used [0x00000000a0000000,0x00000000a371af28,0x00000000a7e00000)
 Metaspace       used 79624K, capacity 82784K, committed 82904K, reserved 1122304K
  class space    used 10080K, capacity 10685K, committed 10752K, reserved 1048576K
GC Heap History (10 events):
Event: 91.999 GC heap before
{Heap before GC invocations=23 (full 3):
 PSYoungGen      total 214016K, used 206751K [0x00000000e0000000, 0x00000000f0880000, 0x0000000100000000)
  eden space 195584K, 100% used [0x00000000e0000000,0x00000000ebf00000,0x00000000ebf00000)
  from space 18432K, 60% used [0x00000000ebf00000,0x00000000ec9e7d48,0x00000000ed100000)
  to   space 18432K, 0% used [0x00000000ef680000,0x00000000ef680000,0x00000000f0880000)
 ParOldGen       total 129024K, used 39731K [0x00000000a0000000, 0x00000000a7e00000, 0x00000000e0000000)
  object space 129024K, 30% used [0x00000000a0000000,0x00000000a26ccc50,0x00000000a7e00000)
 Metaspace       used 74541K, capacity 77200K, committed 77400K, reserved 1116160K
  class space    used 9691K, capacity 10269K, committed 10368K, reserved 1048576K
Event: 92.013 GC heap after
Heap after GC invocations=23 (full 3):
 PSYoungGen      total 246272K, used 10000K [0x00000000e0000000, 0x00000000f0500000, 0x0000000100000000)
  eden space 231424K, 0% used [0x00000000e0000000,0x00000000e0000000,0x00000000ee200000)
  from space 14848K, 67% used [0x00000000ef680000,0x00000000f00443a8,0x00000000f0500000)
  to   space 17920K, 0% used [0x00000000ee200000,0x00000000ee200000,0x00000000ef380000)
 ParOldGen       total 129024K, used 48055K [0x00000000a0000000, 0x00000000a7e00000, 0x00000000e0000000)
  object space 129024K, 37% used [0x00000000a0000000,0x00000000a2eedde0,0x00000000a7e00000)
 Metaspace       used 74541K, capacity 77200K, committed 77400K, reserved 1116160K
  class space    used 9691K, capacity 10269K, committed 10368K, reserved 1048576K
}
Event: 96.577 GC heap before
{Heap before GC invocations=24 (full 3):
 PSYoungGen      total 246272K, used 241306K [0x00000000e0000000, 0x00000000f0500000, 0x0000000100000000)
  eden space 231424K, 99% used [0x00000000e0000000,0x00000000ee1e2800,0x00000000ee200000)
  from space 14848K, 67% used [0x00000000ef680000,0x00000000f00443a8,0x00000000f0500000)
  to   space 17920K, 0% used [0x00000000ee200000,0x00000000ee200000,0x00000000ef380000)
 ParOldGen       total 129024K, used 48055K [0x00000000a0000000, 0x00000000a7e00000, 0x00000000e0000000)
  object space 129024K, 37% used [0x00000000a0000000,0x00000000a2eedde0,0x00000000a7e00000)
 Metaspace       used 78291K, capacity 81180K, committed 81368K, reserved 1120256K
  class space    used 10044K, capacity 10625K, committed 10752K, reserved 1048576K
Event: 96.591 GC heap after
Heap after GC invocations=24 (full 3):
 PSYoungGen      total 249344K, used 13956K [0x00000000e0000000, 0x00000000f2c00000, 0x0000000100000000)
  eden space 231424K, 0% used [0x00000000e0000000,0x00000000e0000000,0x00000000ee200000)
  from space 17920K, 77% used [0x00000000ee200000,0x00000000eefa1258,0x00000000ef380000)
  to   space 18944K, 0% used [0x00000000f1980000,0x00000000f1980000,0x00000000f2c00000)
 ParOldGen       total 129024K, used 48063K [0x00000000a0000000, 0x00000000a7e00000, 0x00000000e0000000)
  object space 129024K, 37% used [0x00000000a0000000,0x00000000a2eefde0,0x00000000a7e00000)
 Metaspace       used 78291K, capacity 81180K, committed 81368K, reserved 1120256K
  class space    used 10044K, capacity 10625K, committed 10752K, reserved 1048576K
}
Event: 421.450 GC heap before
{Heap before GC invocations=25 (full 3):
 PSYoungGen      total 249344K, used 245380K [0x00000000e0000000, 0x00000000f2c00000, 0x0000000100000000)
  eden space 231424K, 100% used [0x00000000e0000000,0x00000000ee200000,0x00000000ee200000)
  from space 17920K, 77% used [0x00000000ee200000,0x00000000eefa1258,0x00000000ef380000)
  to   space 18944K, 0% used [0x00000000f1980000,0x00000000f1980000,0x00000000f2c00000)
 ParOldGen       total 129024K, used 48063K [0x00000000a0000000, 0x00000000a7e00000, 0x00000000e0000000)
  object space 129024K, 37% used [0x00000000a0000000,0x00000000a2eefde0,0x00000000a7e00000)
 Metaspace       used 78762K, capacity 81688K, committed 81880K, reserved 1120256K
  class space    used 10061K, capacity 10655K, committed 10752K, reserved 1048576K
Event: 421.467 GC heap after
Heap after GC invocations=25 (full 3):
 PSYoungGen      total 242176K, used 18929K [0x00000000e0000000, 0x00000000f2c00000, 0x0000000100000000)
  eden space 223232K, 0% used [0x00000000e0000000,0x00000000e0000000,0x00000000eda00000)
  from space 18944K, 99% used [0x00000000f1980000,0x00000000f2bfc438,0x00000000f2c00000)
  to   space 21504K, 0% used [0x00000000f0200000,0x00000000f0200000,0x00000000f1700000)
 ParOldGen       total 129024K, used 48878K [0x00000000a0000000, 0x00000000a7e00000, 0x00000000e0000000)
  object space 129024K, 37% used [0x00000000a0000000,0x00000000a2fbbab8,0x00000000a7e00000)
 Metaspace       used 78762K, capacity 81688K, committed 81880K, reserved 1120256K
  class space    used 10061K, capacity 10655K, committed 10752K, reserved 1048576K
}
Event: 425.142 GC heap before
{Heap before GC invocations=26 (full 3):
 PSYoungGen      total 242176K, used 241992K [0x00000000e0000000, 0x00000000f2c00000, 0x0000000100000000)
  eden space 223232K, 99% used [0x00000000e0000000,0x00000000ed9d5e48,0x00000000eda00000)
  from space 18944K, 99% used [0x00000000f1980000,0x00000000f2bfc438,0x00000000f2c00000)
  to   space 21504K, 0% used [0x00000000f0200000,0x00000000f0200000,0x00000000f1700000)
 ParOldGen       total 129024K, used 48878K [0x00000000a0000000, 0x00000000a7e00000, 0x00000000e0000000)
  object space 129024K, 37% used [0x00000000a0000000,0x00000000a2fbbab8,0x00000000a7e00000)
 Metaspace       used 79132K, capacity 82190K, committed 82392K, reserved 1120256K
  class space    used 10074K, capacity 10674K, committed 10752K, reserved 1048576K
Event: 425.156 GC heap after
Heap after GC invocations=26 (full 3):
 PSYoungGen      total 224256K, used 8294K [0x00000000e0000000, 0x00000000f1a00000, 0x0000000100000000)
  eden space 215552K, 0% used [0x00000000e0000000,0x00000000e0000000,0x00000000ed280000)
  from space 8704K, 95% used [0x00000000f0200000,0x00000000f0a19820,0x00000000f0a80000)
  to   space 15872K, 0% used [0x00000000f0a80000,0x00000000f0a80000,0x00000000f1a00000)
 ParOldGen       total 129024K, used 56419K [0x00000000a0000000, 0x00000000a7e00000, 0x00000000e0000000)
  object space 129024K, 43% used [0x00000000a0000000,0x00000000a3718f28,0x00000000a7e00000)
 Metaspace       used 79132K, capacity 82190K, committed 82392K, reserved 1120256K
  class space    used 10074K, capacity 10674K, committed 10752K, reserved 1048576K
}
Event: 429.302 GC heap before
{Heap before GC invocations=27 (full 3):
 PSYoungGen      total 224256K, used 223513K [0x00000000e0000000, 0x00000000f1a00000, 0x0000000100000000)
  eden space 215552K, 99% used [0x00000000e0000000,0x00000000ed22cec0,0x00000000ed280000)
  from space 8704K, 95% used [0x00000000f0200000,0x00000000f0a19820,0x00000000f0a80000)
  to   space 15872K, 0% used [0x00000000f0a80000,0x00000000f0a80000,0x00000000f1a00000)
 ParOldGen       total 129024K, used 56419K [0x00000000a0000000, 0x00000000a7e00000, 0x00000000e0000000)
  object space 129024K, 43% used [0x00000000a0000000,0x00000000a3718f28,0x00000000a7e00000)
 Metaspace       used 79386K, capacity 82460K, committed 82648K, reserved 1122304K
  class space    used 10074K, capacity 10675K, committed 10752K, reserved 1048576K
Event: 429.310 GC heap after
Heap after GC invocations=27 (full 3):
 PSYoungGen      total 219136K, used 10461K [0x00000000e0000000, 0x00000000f1500000, 0x0000000100000000)
  eden space 208384K, 0% used [0x00000000e0000000,0x00000000e0000000,0x00000000ecb80000)
  from space 10752K, 97% used [0x00000000f0a80000,0x00000000f14b7758,0x00000000f1500000)
  to   space 19968K, 0% used [0x00000000eee00000,0x00000000eee00000,0x00000000f0180000)
 ParOldGen       total 129024K, used 56427K [0x00000000a0000000, 0x00000000a7e00000, 0x00000000e0000000)
  object space 129024K, 43% used [0x00000000a0000000,0x00000000a371af28,0x00000000a7e00000)
 Metaspace       used 79386K, capacity 82460K, committed 82648K, reserved 1122304K
  class space    used 10074K, capacity 10675K, committed 10752K, reserved 1048576K
}

